app/build/intermediates/manifest_merge_blame_file/debug/manifest-merger-blame-debug-report.txt
1<?xml version="1.0" encoding="utf-8"?>
2<manifest xmlns:android="http://schemas.android.com/apk/res/android"
3    package="com.example.sample.usertribe"
4    android:versionCode="1"
5    android:versionName="1.0" >
6
7    <uses-sdk
8        android:minSdkVersion="16"
8-->src\main\AndroidManifest.xml
9        android:targetSdkVersion="26" />
9-->src\main\AndroidManifest.xml
10
11    <uses-permission android:name="android.permission.INTERNET" />
11-->src\main\AndroidManifest.xml:5:5-67
11-->src\main\AndroidManifest.xml:5:22-64
12    <uses-permission android:name="android.permission.ACCESS_FINE_LOCATION" />
12-->src\main\AndroidManifest.xml:6:5-79
12-->src\main\AndroidManifest.xml:6:22-76
13    <uses-permission android:name="android.permission.ACCESS_COARSE_LOCATION" />
13-->src\main\AndroidManifest.xml:7:5-81
13-->src\main\AndroidManifest.xml:7:22-78
14    <uses-permission android:name="android.permission.VIBRATE" />
14-->src\main\AndroidManifest.xml:8:5-66
14-->src\main\AndroidManifest.xml:8:22-63
15    <uses-permission android:name="android.permission.ACCESS_NETWORK_STATE" />
15-->[com.firebaseui:firebase-ui-auth:2.0.1] AndroidManifest.xml:12:5-79
15-->[com.firebaseui:firebase-ui-auth:2.0.1] AndroidManifest.xml:12:22-76
16
17    <uses-feature
17-->[com.google.android.gms:play-services-maps:12.0.0] AndroidManifest.xml:26:5-28:35
18        android:glEsVersion="0x00020000"
18-->[com.google.android.gms:play-services-maps:12.0.0] AndroidManifest.xml:27:9-41
19        android:required="true" />
19-->[com.google.android.gms:play-services-maps:12.0.0] AndroidManifest.xml:28:9-32
20
21    <uses-permission android:name="android.permission.WAKE_LOCK" /> <!-- Required by older versions of Google Play services to create IID tokens -->
21-->[com.google.firebase:firebase-analytics:12.0.0] AndroidManifest.xml:25:5-68
21-->[com.google.firebase:firebase-analytics:12.0.0] AndroidManifest.xml:25:22-65
22    <uses-permission android:name="com.google.android.c2dm.permission.RECEIVE" />
22-->[com.google.firebase:firebase-iid:12.0.0] AndroidManifest.xml:26:5-82
22-->[com.google.firebase:firebase-iid:12.0.0] AndroidManifest.xml:26:22-79
23
24    <permission
24-->[com.google.firebase:firebase-iid:12.0.0] AndroidManifest.xml:28:5-30:47
25        android:name="com.example.sample.usertribe.permission.C2D_MESSAGE"
25-->[com.google.firebase:firebase-iid:12.0.0] AndroidManifest.xml:29:9-63
26        android:protectionLevel="signature" />
26-->[com.google.firebase:firebase-iid:12.0.0] AndroidManifest.xml:30:9-44
27
28    <uses-permission android:name="com.example.sample.usertribe.permission.C2D_MESSAGE" />
28-->[com.google.firebase:firebase-iid:12.0.0] AndroidManifest.xml:32:5-79
28-->[com.google.firebase:firebase-iid:12.0.0] AndroidManifest.xml:32:22-76
29
30    <meta-data
30-->[com.android.support:mediarouter-v7:26.1.0] AndroidManifest.xml:23:9-25:38
31        android:name="android.support.VERSION"
31-->[com.android.support:mediarouter-v7:26.1.0] AndroidManifest.xml:24:13-51
32        android:value="25.3.1" />
32-->[com.android.support:mediarouter-v7:26.1.0] AndroidManifest.xml:25:13-35
33
34    <uses-permission android:name="android.permission.WRITE_EXTERNAL_STORAGE" />
35    <uses-permission android:name="android.permission.READ_PHONE_STATE" />
36    <uses-permission android:name="android.permission.READ_EXTERNAL_STORAGE" />
37
38    <application
38-->src\main\AndroidManifest.xml:9:5-98:19
39        android:name="android.support.multidex.MultiDexApplication"
40        android:allowBackup="true"
40-->src\main\AndroidManifest.xml:10:9-35
41        android:debuggable="true"
42        android:icon="@mipmap/ic_launcher"
42-->src\main\AndroidManifest.xml:11:9-43
43        android:label="@string/app_name"
43-->src\main\AndroidManifest.xml:12:9-41
44        android:roundIcon="@mipmap/ic_launcher_round"
44-->src\main\AndroidManifest.xml:13:9-54
45        android:supportsRtl="true"
45-->src\main\AndroidManifest.xml:14:9-35
46        android:testOnly="true"
47        android:theme="@style/AppTheme" >
47-->src\main\AndroidManifest.xml:15:9-40
48        <meta-data
48-->src\main\AndroidManifest.xml:17:9-19:48
49            android:name="com.facebook.accountkit.ApplicationName"
49-->src\main\AndroidManifest.xml:18:13-67
50            android:value="@string/app_name" />
50-->src\main\AndroidManifest.xml:19:13-45
51        <meta-data
51-->src\main\AndroidManifest.xml:20:9-22:63
52            android:name="com.facebook.sdk.ApplicationId"
52-->src\main\AndroidManifest.xml:21:13-58
53            android:value="@string/facebook_application_id" />
53-->src\main\AndroidManifest.xml:22:13-60
54        <meta-data
54-->src\main\AndroidManifest.xml:23:9-25:64
55            android:name="com.facebook.accountkit.ClientToken"
55-->src\main\AndroidManifest.xml:24:13-63
56            android:value="@string/ACCOUNT_KIT_CLIENT_TOKEN" />
56-->src\main\AndroidManifest.xml:25:13-61
57
58        <activity
58-->src\main\AndroidManifest.xml:27:9-82
59            android:name="com.facebook.accountkit.ui.AccountKitActivity"
59-->src\main\AndroidManifest.xml:27:19-79
60            android:label="@string/com_accountkit_button_log_in"
60-->[com.facebook.android:account-kit-sdk:4.36.0] AndroidManifest.xml:31:13-65
61            android:launchMode="singleTop"
61-->[com.facebook.android:account-kit-sdk:4.36.0] AndroidManifest.xml:32:13-43
62            android:theme="@style/Theme.AccountKit"
62-->[com.facebook.android:account-kit-sdk:4.36.0] AndroidManifest.xml:33:13-52
63            android:windowSoftInputMode="adjustResize" />
63-->[com.facebook.android:account-kit-sdk:4.36.0] AndroidManifest.xml:34:13-55
64
65        <meta-data
65-->src\main\AndroidManifest.xml:29:9-31:71
66            android:name="com.google.android.geo.API_KEY"
66-->src\main\AndroidManifest.xml:30:13-58
67            android:value="AIzaSyBvx3hoZzsRzjbmuuDlCXNELuY6J0WBoyQ" />
67-->src\main\AndroidManifest.xml:31:13-68
68
69        <service android:name="com.example.sample.usertribe.FCM.MyFirebaseInstanceIDService" >
69-->src\main\AndroidManifest.xml:33:9-37:19
69-->src\main\AndroidManifest.xml:33:18-65
70            <intent-filter>
70-->src\main\AndroidManifest.xml:34:13-36:29
71                <action android:name="com.google.firebase.INSTANCE_ID_EVENT" />
71-->src\main\AndroidManifest.xml:35:17-80
71-->src\main\AndroidManifest.xml:35:25-77
72            </intent-filter>
73        </service>
74        <service android:name="com.example.sample.usertribe.FCM.MyFirebaseMessagingService" >
74-->src\main\AndroidManifest.xml:38:9-42:19
74-->src\main\AndroidManifest.xml:38:18-64
75            <intent-filter>
75-->src\main\AndroidManifest.xml:39:13-41:29
76                <action android:name="com.google.firebase.MESSAGING_EVENT" />
76-->src\main\AndroidManifest.xml:40:17-78
76-->src\main\AndroidManifest.xml:40:25-75
77            </intent-filter>
78        </service>
79
80        <activity android:name="com.example.sample.usertribe.Activities.SplashActivity" >
80-->src\main\AndroidManifest.xml:44:9-50:20
80-->src\main\AndroidManifest.xml:44:19-60
81            <intent-filter>
81-->src\main\AndroidManifest.xml:45:13-49:29
82                <action android:name="android.intent.action.MAIN" />
82-->src\main\AndroidManifest.xml:46:17-69
82-->src\main\AndroidManifest.xml:46:25-66
83
84                <category android:name="android.intent.category.LAUNCHER" />
84-->src\main\AndroidManifest.xml:48:17-77
84-->src\main\AndroidManifest.xml:48:27-74
85            </intent-filter>
86        </activity>
87        <activity
87-->src\main\AndroidManifest.xml:51:9-53:74
88            android:name="com.example.sample.usertribe.Activities.MainActivity"
88-->src\main\AndroidManifest.xml:52:13-52
89            android:parentActivityName="com.example.sample.usertribe.Activities.DashBoardActivity" />
89-->src\main\AndroidManifest.xml:53:13-71
90        <activity android:name="com.example.sample.usertribe.Activities.SliderActivity" />
90-->src\main\AndroidManifest.xml:54:9-63
90-->src\main\AndroidManifest.xml:54:19-60
91        <activity android:name="com.example.sample.usertribe.Activities.FlatActivity" />
91-->src\main\AndroidManifest.xml:55:9-61
91-->src\main\AndroidManifest.xml:55:19-58
92        <activity
92-->src\main\AndroidManifest.xml:56:9-58:69
93            android:name="com.example.sample.usertribe.Activities.LoginActivity"
93-->src\main\AndroidManifest.xml:57:13-53
94            android:parentActivityName="com.example.sample.usertribe.Activities.FlatActivity" />
94-->src\main\AndroidManifest.xml:58:13-66
95        <activity
95-->src\main\AndroidManifest.xml:59:9-61:69
96            android:name="com.example.sample.usertribe.Activities.RegisterActivity"
96-->src\main\AndroidManifest.xml:60:13-56
97            android:parentActivityName="com.example.sample.usertribe.Activities.FlatActivity" />
97-->src\main\AndroidManifest.xml:61:13-66
98        <activity
98-->src\main\AndroidManifest.xml:62:9-64:70
99            android:name="com.example.sample.usertribe.Activities.PasswordResetActivity"
99-->src\main\AndroidManifest.xml:63:13-61
100            android:parentActivityName="com.example.sample.usertribe.Activities.LoginActivity" />
100-->src\main\AndroidManifest.xml:64:13-67
101        <activity
101-->src\main\AndroidManifest.xml:65:9-68:47
102            android:name="com.example.sample.usertribe.Activities.DashBoardActivity"
102-->src\main\AndroidManifest.xml:66:13-57
103            android:label="@string/title_activity_dash_board"
103-->src\main\AndroidManifest.xml:67:13-62
104            android:theme="@style/AppTheme" />
104-->src\main\AndroidManifest.xml:68:13-44
105        <activity
105-->src\main\AndroidManifest.xml:69:9-71:76
106            android:name="com.example.sample.usertribe.Activities.EditProfileActivity"
106-->src\main\AndroidManifest.xml:70:13-59
107            android:parentActivityName="com.example.sample.usertribe.Activities.ProfileVisitActivity" />
107-->src\main\AndroidManifest.xml:71:13-74
108        <activity
108-->src\main\AndroidManifest.xml:72:9-74:73
109            android:name="com.example.sample.usertribe.Activities.ProfileVisitActivity"
109-->src\main\AndroidManifest.xml:73:13-60
110            android:parentActivityName="com.example.sample.usertribe.Activities.DashBoardActivity" />
110-->src\main\AndroidManifest.xml:74:13-71
111        <activity android:name="com.example.sample.usertribe.Activities.ChangePasswordActivity" />
111-->src\main\AndroidManifest.xml:75:9-71
111-->src\main\AndroidManifest.xml:75:19-68
112        <activity
112-->src\main\AndroidManifest.xml:76:9-78:74
113            android:name="com.example.sample.usertribe.Activities.AutoCompleteSearch"
113-->src\main\AndroidManifest.xml:77:13-58
114            android:parentActivityName="com.example.sample.usertribe.Activities.DashBoardActivity" />
114-->src\main\AndroidManifest.xml:78:13-71
115        <activity
115-->src\main\AndroidManifest.xml:79:9-81:74
116            android:name="com.example.sample.usertribe.Activities.SubCategoryActivity"
116-->src\main\AndroidManifest.xml:80:13-59
117            android:parentActivityName="com.example.sample.usertribe.Activities.DashBoardActivity" />
117-->src\main\AndroidManifest.xml:81:13-71
118        <activity
118-->src\main\AndroidManifest.xml:82:9-84:76
119            android:name="com.example.sample.usertribe.Activities.DetailedActivity"
119-->src\main\AndroidManifest.xml:83:13-56
120            android:parentActivityName="com.example.sample.usertribe.Activities.SubCategoryActivity" />
120-->src\main\AndroidManifest.xml:84:13-73
121        <activity android:name="com.example.sample.usertribe.Activities.AddressActivity" />
121-->src\main\AndroidManifest.xml:85:9-64
121-->src\main\AndroidManifest.xml:85:19-61
122        <activity
122-->src\main\AndroidManifest.xml:86:9-88:76
123            android:name="com.example.sample.usertribe.Activities.ServiceProMapActivity"
123-->src\main\AndroidManifest.xml:87:13-61
124            android:parentActivityName="com.example.sample.usertribe.Activities.PaymentModeActivity" />
124-->src\main\AndroidManifest.xml:88:13-73
125        <activity android:name="com.example.sample.usertribe.Activities.BookingDetailActivity" />
125-->src\main\AndroidManifest.xml:89:9-70
125-->src\main\AndroidManifest.xml:89:19-67
126        <activity
126-->src\main\AndroidManifest.xml:90:9-91:72
127            android:name="com.example.sample.usertribe.Activities.PaymentModeActivity"
127-->src\main\AndroidManifest.xml:90:19-65
128            android:parentActivityName="com.example.sample.usertribe.Activities.DetailedActivity" />
128-->src\main\AndroidManifest.xml:91:13-70
129        <activity android:name="com.example.sample.usertribe.Activities.PaymentActivity" />
129-->src\main\AndroidManifest.xml:92:9-64
129-->src\main\AndroidManifest.xml:92:19-61
130
131        <service
131-->src\main\AndroidManifest.xml:94:9-96:40
132            android:name="com.example.sample.usertribe.GetAddressIntentService"
132-->src\main\AndroidManifest.xml:95:13-52
133            android:exported="false" />
133-->src\main\AndroidManifest.xml:96:13-37
134
135        <meta-data
135-->[com.firebaseui:firebase-ui-auth:2.0.1] AndroidManifest.xml:16:9-18:69
136            android:name="com.google.android.gms.version"
136-->[com.firebaseui:firebase-ui-auth:2.0.1] AndroidManifest.xml:17:13-58
137            android:value="@integer/google_play_services_version" />
137-->[com.firebaseui:firebase-ui-auth:2.0.1] AndroidManifest.xml:18:13-66
138        <meta-data
138-->[com.firebaseui:firebase-ui-auth:2.0.1] AndroidManifest.xml:19:9-21:63
139            android:name="io.fabric.ApiKey"
139-->[com.firebaseui:firebase-ui-auth:2.0.1] AndroidManifest.xml:20:13-44
140            android:value="@string/twitter_consumer_secret" />
140-->[com.firebaseui:firebase-ui-auth:2.0.1] AndroidManifest.xml:21:13-60
141        <meta-data
141-->[com.firebaseui:firebase-ui-auth:2.0.1] AndroidManifest.xml:25:9-27:36
142            android:name="com.facebook.sdk.AutoLogAppEventsEnabled"
142-->[com.firebaseui:firebase-ui-auth:2.0.1] AndroidManifest.xml:26:13-68
143            android:value="true" />
143-->[com.firebaseui:firebase-ui-auth:2.0.1] AndroidManifest.xml:27:13-33
144
145        <activity
145-->[com.firebaseui:firebase-ui-auth:2.0.1] AndroidManifest.xml:29:9-33:61
146            android:name="com.firebase.ui.auth.KickoffActivity"
146-->[com.firebaseui:firebase-ui-auth:2.0.1] AndroidManifest.xml:30:13-64
147            android:exported="false"
147-->[com.firebaseui:firebase-ui-auth:2.0.1] AndroidManifest.xml:31:13-37
148            android:label=""
148-->[com.firebaseui:firebase-ui-auth:2.0.1] AndroidManifest.xml:32:13-29
149            android:theme="@style/FirebaseUI.Transparent" />
149-->[com.firebaseui:firebase-ui-auth:2.0.1] AndroidManifest.xml:33:13-58
150        <activity
150-->[com.firebaseui:firebase-ui-auth:2.0.1] AndroidManifest.xml:34:9-37:71
151            android:name="com.firebase.ui.auth.ui.email.RecoverPasswordActivity"
151-->[com.firebaseui:firebase-ui-auth:2.0.1] AndroidManifest.xml:35:13-81
152            android:exported="false"
152-->[com.firebaseui:firebase-ui-auth:2.0.1] AndroidManifest.xml:36:13-37
153            android:label="@string/title_recover_password_activity" />
153-->[com.firebaseui:firebase-ui-auth:2.0.1] AndroidManifest.xml:37:13-68
154        <activity
154-->[com.firebaseui:firebase-ui-auth:2.0.1] AndroidManifest.xml:38:9-41:55
155            android:name="com.firebase.ui.auth.ui.email.RegisterEmailActivity"
155-->[com.firebaseui:firebase-ui-auth:2.0.1] AndroidManifest.xml:39:13-79
156            android:exported="false"
156-->[com.firebaseui:firebase-ui-auth:2.0.1] AndroidManifest.xml:40:13-37
157            android:label="@string/sign_in_default" />
157-->[com.firebaseui:firebase-ui-auth:2.0.1] AndroidManifest.xml:41:13-52
158        <activity
158-->[com.firebaseui:firebase-ui-auth:2.0.1] AndroidManifest.xml:42:9-46:64
159            android:name="com.firebase.ui.auth.ui.phone.PhoneVerificationActivity"
159-->[com.firebaseui:firebase-ui-auth:2.0.1] AndroidManifest.xml:43:13-83
160            android:exported="false"
160-->[com.firebaseui:firebase-ui-auth:2.0.1] AndroidManifest.xml:44:13-37
161            android:label="@string/sign_in_with_phone_number"
161-->[com.firebaseui:firebase-ui-auth:2.0.1] AndroidManifest.xml:45:13-62
162            android:windowSoftInputMode="stateAlwaysVisible" />
162-->[com.firebaseui:firebase-ui-auth:2.0.1] AndroidManifest.xml:46:13-61
163        <activity
163-->[com.firebaseui:firebase-ui-auth:2.0.1] AndroidManifest.xml:47:9-50:69
164            android:name="com.firebase.ui.auth.ui.accountlink.WelcomeBackIdpPrompt"
164-->[com.firebaseui:firebase-ui-auth:2.0.1] AndroidManifest.xml:48:13-84
165            android:exported="false"
165-->[com.firebaseui:firebase-ui-auth:2.0.1] AndroidManifest.xml:49:13-37
166            android:label="@string/title_welcome_back_idp_prompt" />
166-->[com.firebaseui:firebase-ui-auth:2.0.1] AndroidManifest.xml:50:13-66
167        <activity
167-->[com.firebaseui:firebase-ui-auth:2.0.1] AndroidManifest.xml:51:9-54:74
168            android:name="com.firebase.ui.auth.ui.accountlink.WelcomeBackPasswordPrompt"
168-->[com.firebaseui:firebase-ui-auth:2.0.1] AndroidManifest.xml:52:13-89
169            android:exported="false"
169-->[com.firebaseui:firebase-ui-auth:2.0.1] AndroidManifest.xml:53:13-37
170            android:label="@string/title_welcome_back_password_prompt" />
170-->[com.firebaseui:firebase-ui-auth:2.0.1] AndroidManifest.xml:54:13-71
171        <activity
171-->[com.firebaseui:firebase-ui-auth:2.0.1] AndroidManifest.xml:55:9-58:61
172            android:name="com.firebase.ui.auth.ui.idp.AuthMethodPickerActivity"
172-->[com.firebaseui:firebase-ui-auth:2.0.1] AndroidManifest.xml:56:13-80
173            android:exported="false"
173-->[com.firebaseui:firebase-ui-auth:2.0.1] AndroidManifest.xml:57:13-37
174            android:label="@string/default_toolbar_title" />
174-->[com.firebaseui:firebase-ui-auth:2.0.1] AndroidManifest.xml:58:13-58
175        <activity
175-->[com.firebaseui:firebase-ui-auth:2.0.1] AndroidManifest.xml:59:9-63:48
176            android:name="com.facebook.FacebookActivity"
176-->[com.firebaseui:firebase-ui-auth:2.0.1] AndroidManifest.xml:60:13-57
177            android:configChanges="keyboard|keyboardHidden|screenLayout|screenSize|orientation"
177-->[com.firebaseui:firebase-ui-auth:2.0.1] AndroidManifest.xml:61:13-96
178            android:label="@string/app_name" />
178-->[com.firebaseui:firebase-ui-auth:2.0.1] AndroidManifest.xml:62:13-45
179        <activity
179-->[com.firebaseui:firebase-ui-auth:2.0.1] AndroidManifest.xml:64:9-76:20
180            android:name="com.facebook.CustomTabActivity"
180-->[com.firebaseui:firebase-ui-auth:2.0.1] AndroidManifest.xml:65:13-58
181            android:exported="true" >
181-->[com.firebaseui:firebase-ui-auth:2.0.1] AndroidManifest.xml:66:13-36
182            <intent-filter>
182-->[com.firebaseui:firebase-ui-auth:2.0.1] AndroidManifest.xml:68:13-75:29
183                <action android:name="android.intent.action.VIEW" />
183-->[com.firebaseui:firebase-ui-auth:2.0.1] AndroidManifest.xml:69:17-69
183-->[com.firebaseui:firebase-ui-auth:2.0.1] AndroidManifest.xml:69:25-66
184
185                <category android:name="android.intent.category.DEFAULT" />
185-->[com.firebaseui:firebase-ui-auth:2.0.1] AndroidManifest.xml:71:17-76
185-->[com.firebaseui:firebase-ui-auth:2.0.1] AndroidManifest.xml:71:27-73
186                <category android:name="android.intent.category.BROWSABLE" />
186-->[com.firebaseui:firebase-ui-auth:2.0.1] AndroidManifest.xml:72:17-78
186-->[com.firebaseui:firebase-ui-auth:2.0.1] AndroidManifest.xml:72:27-75
187
188                <data android:scheme="@string/facebook_login_protocol_scheme" />
188-->[com.firebaseui:firebase-ui-auth:2.0.1] AndroidManifest.xml:74:17-81
188-->[com.firebaseui:firebase-ui-auth:2.0.1] AndroidManifest.xml:74:23-78
189            </intent-filter>
190        </activity>
191        <activity
191-->[com.facebook.android:account-kit-sdk:4.36.0] AndroidManifest.xml:35:9-38:40
192            android:name="com.facebook.accountkit.ui.AccountKitEmailRedirectActivity"
192-->[com.facebook.android:account-kit-sdk:4.36.0] AndroidManifest.xml:36:13-86
193            android:exported="true"
193-->[com.facebook.android:account-kit-sdk:4.36.0] AndroidManifest.xml:37:13-36
194            android:noHistory="true" />
194-->[com.facebook.android:account-kit-sdk:4.36.0] AndroidManifest.xml:38:13-37
195        <!--
196             The initialization ContentProvider will call AccountKit.initialize automatically
197             with the application context. This config is merged in with the host app's manifest,
198             but there can only be one provider with the same authority activated at any given
199             point; so if the end user has two or more different apps that use AccountKit, only the
200             first one will be able to use the provider. To work around this problem, we use the
201             following placeholder in the authority to identify each host application as if it was
202             a completely different provider.
203        -->
204        <provider
204-->[com.facebook.android:account-kit-sdk:4.36.0] AndroidManifest.xml:49:9-52:40
205            android:name="com.facebook.accountkit.internal.AccountKitInitProvider"
205-->[com.facebook.android:account-kit-sdk:4.36.0] AndroidManifest.xml:50:13-83
206            android:authorities="com.example.sample.usertribe.AccountKitInitialization"
206-->[com.facebook.android:account-kit-sdk:4.36.0] AndroidManifest.xml:51:13-76
207            android:exported="false" />
207-->[com.facebook.android:account-kit-sdk:4.36.0] AndroidManifest.xml:52:13-37
208
209        <receiver android:name="com.google.android.gms.cast.framework.media.MediaIntentReceiver" />
209-->[com.google.android.gms:play-services-cast-framework:12.0.0] AndroidManifest.xml:8:9-100
209-->[com.google.android.gms:play-services-cast-framework:12.0.0] AndroidManifest.xml:8:19-97
210
211        <service android:name="com.google.android.gms.cast.framework.media.MediaNotificationService" />
211-->[com.google.android.gms:play-services-cast-framework:12.0.0] AndroidManifest.xml:10:9-104
211-->[com.google.android.gms:play-services-cast-framework:12.0.0] AndroidManifest.xml:10:18-101
212        <service android:name="com.google.android.gms.cast.framework.ReconnectionService" />
212-->[com.google.android.gms:play-services-cast-framework:12.0.0] AndroidManifest.xml:11:9-93
212-->[com.google.android.gms:play-services-cast-framework:12.0.0] AndroidManifest.xml:11:18-90
213
214        <meta-data
214-->[com.android.support:mediarouter-v7:26.1.0] AndroidManifest.xml:23:9-25:38
215            android:name="android.support.VERSION"
215-->[com.android.support:mediarouter-v7:26.1.0] AndroidManifest.xml:24:13-51
216            android:value="26.1.0" />
216-->[com.android.support:mediarouter-v7:26.1.0] AndroidManifest.xml:25:13-35
217        <!--
218             FirebaseMessagingService performs security checks at runtime,
219             no need for explicit permissions despite exported="true"
220        -->
221        <service
221-->[com.google.firebase:firebase-messaging:12.0.0] AndroidManifest.xml:28:9-34:19
222            android:name="com.google.firebase.messaging.FirebaseMessagingService"
222-->[com.google.firebase:firebase-messaging:12.0.0] AndroidManifest.xml:29:13-82
223            android:exported="true" >
223-->[com.google.firebase:firebase-messaging:12.0.0] AndroidManifest.xml:30:13-36
224            <intent-filter android:priority="-500" >
224-->src\main\AndroidManifest.xml:39:13-41:29
225                <action android:name="com.google.firebase.MESSAGING_EVENT" />
225-->src\main\AndroidManifest.xml:40:17-78
225-->src\main\AndroidManifest.xml:40:25-75
226            </intent-filter>
227        </service>
228
229        <activity
229-->[com.google.firebase:firebase-auth:12.0.0] AndroidManifest.xml:23:9-29:75
230            android:name="com.google.firebase.auth.internal.FederatedSignInActivity"
230-->[com.google.firebase:firebase-auth:12.0.0] AndroidManifest.xml:24:13-85
231            android:excludeFromRecents="true"
231-->[com.google.firebase:firebase-auth:12.0.0] AndroidManifest.xml:25:13-46
232            android:exported="true"
232-->[com.google.firebase:firebase-auth:12.0.0] AndroidManifest.xml:26:13-36
233            android:launchMode="singleInstance"
233-->[com.google.firebase:firebase-auth:12.0.0] AndroidManifest.xml:27:13-48
234            android:permission="com.google.firebase.auth.api.gms.permission.LAUNCH_FEDERATED_SIGN_IN"
234-->[com.google.firebase:firebase-auth:12.0.0] AndroidManifest.xml:28:13-102
235            android:theme="@android:style/Theme.Translucent.NoTitleBar" />
235-->[com.google.firebase:firebase-auth:12.0.0] AndroidManifest.xml:29:13-72
236
237        <provider
237-->[com.squareup.picasso:picasso:2.71828] AndroidManifest.xml:8:9-11:40
238            android:name="com.squareup.picasso.PicassoProvider"
238-->[com.squareup.picasso:picasso:2.71828] AndroidManifest.xml:9:13-64
239            android:authorities="com.example.sample.usertribe.com.squareup.picasso"
239-->[com.squareup.picasso:picasso:2.71828] AndroidManifest.xml:10:13-72
240            android:exported="false" />
240-->[com.squareup.picasso:picasso:2.71828] AndroidManifest.xml:11:13-37
241
242        <service
242-->[com.google.android.gms:play-services-tagmanager-api:12.0.0] AndroidManifest.xml:27:9-30:40
243            android:name="com.google.android.gms.tagmanager.TagManagerService"
243-->[com.google.android.gms:play-services-tagmanager-api:12.0.0] AndroidManifest.xml:28:13-79
244            android:enabled="true"
244-->[com.google.android.gms:play-services-tagmanager-api:12.0.0] AndroidManifest.xml:29:13-35
245            android:exported="false" />
245-->[com.google.android.gms:play-services-tagmanager-api:12.0.0] AndroidManifest.xml:30:13-37
246
247        <activity
247-->[com.google.android.gms:play-services-tagmanager-api:12.0.0] AndroidManifest.xml:32:9-44:20
248            android:name="com.google.android.gms.tagmanager.TagManagerPreviewActivity"
248-->[com.google.android.gms:play-services-tagmanager-api:12.0.0] AndroidManifest.xml:33:13-87
249            android:exported="true"
249-->[com.google.android.gms:play-services-tagmanager-api:12.0.0] AndroidManifest.xml:34:13-36
250            android:noHistory="true" > <!-- optional, removes the previewActivity from the activity stack. -->
250-->[com.google.android.gms:play-services-tagmanager-api:12.0.0] AndroidManifest.xml:35:13-37
251            <intent-filter>
251-->[com.google.android.gms:play-services-tagmanager-api:12.0.0] AndroidManifest.xml:36:13-43:29
252                <data android:scheme="tagmanager.c.com.example.sample.usertribe" />
252-->[com.firebaseui:firebase-ui-auth:2.0.1] AndroidManifest.xml:74:17-81
252-->[com.firebaseui:firebase-ui-auth:2.0.1] AndroidManifest.xml:74:23-78
253
254                <action android:name="android.intent.action.VIEW" />
254-->[com.firebaseui:firebase-ui-auth:2.0.1] AndroidManifest.xml:69:17-69
254-->[com.firebaseui:firebase-ui-auth:2.0.1] AndroidManifest.xml:69:25-66
255
256                <category android:name="android.intent.category.DEFAULT" />
256-->[com.firebaseui:firebase-ui-auth:2.0.1] AndroidManifest.xml:71:17-76
256-->[com.firebaseui:firebase-ui-auth:2.0.1] AndroidManifest.xml:71:27-73
257                <category android:name="android.intent.category.BROWSABLE" />
257-->[com.firebaseui:firebase-ui-auth:2.0.1] AndroidManifest.xml:72:17-78
257-->[com.firebaseui:firebase-ui-auth:2.0.1] AndroidManifest.xml:72:27-75
258            </intent-filter>
259        </activity>
260
261        <receiver
261-->[com.google.firebase:firebase-analytics:12.0.0] AndroidManifest.xml:28:9-32:20
262            android:name="com.google.android.gms.measurement.AppMeasurementReceiver"
262-->[com.google.firebase:firebase-analytics:12.0.0] AndroidManifest.xml:29:13-85
263            android:enabled="true"
263-->[com.google.firebase:firebase-analytics:12.0.0] AndroidManifest.xml:30:13-35
264            android:exported="false" >
264-->[com.google.firebase:firebase-analytics:12.0.0] AndroidManifest.xml:31:13-37
265        </receiver>
266        <receiver
266-->[com.google.firebase:firebase-analytics:12.0.0] AndroidManifest.xml:33:9-41:20
267            android:name="com.google.android.gms.measurement.AppMeasurementInstallReferrerReceiver"
267-->[com.google.firebase:firebase-analytics:12.0.0] AndroidManifest.xml:34:13-100
268            android:enabled="true"
268-->[com.google.firebase:firebase-analytics:12.0.0] AndroidManifest.xml:35:13-35
269            android:exported="true"
269-->[com.google.firebase:firebase-analytics:12.0.0] AndroidManifest.xml:36:13-36
270            android:permission="android.permission.INSTALL_PACKAGES" >
270-->[com.google.firebase:firebase-analytics:12.0.0] AndroidManifest.xml:37:13-69
271            <intent-filter>
271-->[com.google.firebase:firebase-analytics:12.0.0] AndroidManifest.xml:38:13-40:29
272                <action android:name="com.android.vending.INSTALL_REFERRER" />
272-->[com.google.firebase:firebase-analytics:12.0.0] AndroidManifest.xml:39:17-79
272-->[com.google.firebase:firebase-analytics:12.0.0] AndroidManifest.xml:39:25-76
273            </intent-filter>
274        </receiver>
275
276        <service
276-->[com.google.firebase:firebase-analytics:12.0.0] AndroidManifest.xml:43:9-46:40
277            android:name="com.google.android.gms.measurement.AppMeasurementService"
277-->[com.google.firebase:firebase-analytics:12.0.0] AndroidManifest.xml:44:13-84
278            android:enabled="true"
278-->[com.google.firebase:firebase-analytics:12.0.0] AndroidManifest.xml:45:13-35
279            android:exported="false" />
279-->[com.google.firebase:firebase-analytics:12.0.0] AndroidManifest.xml:46:13-37